WARNING: You are using an unsupported version of ForgeGradle.
Please consider upgrading to ForgeGradle 4 and helping in the efforts to get old versions working on the modern toolchain.
See https://gist.github.com/TheCurle/fe7ad3ede188cbdd15c235cc75d52d4a for more info on contributing.
:compileApiJava UP-TO-DATE
:processApiResources UP-TO-DATE
:apiClasses UP-TO-DATE
:sourceMainJava
:compileJavaNote: C:\Users\Aethe\OneDrive\Desktop\CAndCF Rewritten\build\sources\java\com\NovaCraft\Items\Tools\ItemVaniteTrident.java uses or overrides a deprecated API.
Note: Recompile with -Xlint:deprecation for details.
Note: Some input files use unchecked or unsafe operations.
Note: Recompile with -Xlint:unchecked for details.

:processResources UP-TO-DATE
:classes
:jar
:compileTestJava UP-TO-DATE
:processTestResources UP-TO-DATE
:testClasses UP-TO-DATE
:test UP-TO-DATE
:extractMcpData UP-TO-DATE
:getVersionJsonhttp://s3.amazonaws.com/Minecraft.Download/versions/1.7.10/1.7.10.json  404'ed!

:extractUserDev UP-TO-DATE
:genSrgs SKIPPED
:reobf
:assemble
:check UP-TO-DATE
:build

BUILD SUCCESSFUL

Total time: 12.662 secs
